TN:
SF:jpex/defaults/index.js
FN:3,(anonymous_1)
FN:4,(anonymous_2)
FNF:2
FNH:2
FNDA:1,(anonymous_1)
FNDA:12,(anonymous_2)
DA:1,1
DA:4,1
DA:5,12
LF:3
LH:3
BRF:0
BRH:0
end_of_record
TN:
SF:jpex/factories/index.js
FN:3,(anonymous_1)
FN:5,(anonymous_2)
FN:8,(anonymous_3)
FNF:3
FNH:3
FNDA:426,(anonymous_1)
FNDA:1,(anonymous_2)
FNDA:2556,(anonymous_3)
DA:1,1
DA:4,426
DA:5,426
DA:6,1
DA:8,426
DA:9,2556
DA:10,2556
DA:13,426
LF:8
LH:8
BRF:0
BRH:0
end_of_record
TN:
SF:jpex/resolver/index.js
FN:2,(anonymous_1)
FN:25,(anonymous_2)
FN:29,(anonymous_3)
FN:34,(anonymous_4)
FN:40,resolveMany
FN:51,(anonymous_6)
FN:53,(anonymous_7)
FN:65,resolveDependency
FN:108,(anonymous_9)
FN:170,checkOptional
FN:184,checkAncestoral
FNF:11
FNH:11
FNDA:324,(anonymous_1)
FNDA:277,(anonymous_2)
FNDA:263,(anonymous_3)
FNDA:35,(anonymous_4)
FNDA:358,resolveMany
FNDA:400,(anonymous_6)
FNDA:2,(anonymous_7)
FNDA:444,resolveDependency
FNDA:3,(anonymous_9)
FNDA:425,checkOptional
FNDA:434,checkAncestoral
DA:1,1
DA:3,324
DA:10,324
DA:13,324
DA:14,324
DA:15,324
DA:18,324
DA:19,0
DA:20,0
DA:24,324
DA:25,324
DA:30,263
DA:35,35
DA:40,1
DA:41,358
DA:42,24
DA:44,334
DA:45,239
DA:47,334
DA:48,191
DA:51,334
DA:52,400
DA:53,2
DA:54,2
DA:57,398
DA:61,307
DA:65,1
DA:66,444
DA:68,444
DA:69,22
DA:73,444
DA:74,2
DA:76,442
DA:77,8
DA:80,434
DA:81,434
DA:82,9
DA:83,9
DA:84,9
DA:87,425
DA:88,425
DA:89,96
DA:90,96
DA:93,425
DA:94,425
DA:95,78
DA:96,78
DA:97,30
DA:98,30
DA:99,30
DA:100,30
DA:105,425
DA:106,78
DA:107,78
DA:108,51
DA:109,3
DA:110,2
DA:115,347
DA:117,425
DA:118,47
DA:119,36
DA:123,378
DA:124,1
DA:128,377
DA:129,372
DA:130,27
DA:133,345
DA:134,105
DA:138,240
DA:139,89
DA:140,89
DA:141,79
DA:142,79
DA:145,151
DA:148,151
DA:149,95
DA:150,95
DA:153,2
DA:154,1
DA:156,1
DA:161,149
DA:163,149
DA:164,149
DA:166,149
DA:170,1
DA:171,425
DA:172,105
DA:173,105
DA:174,96
DA:175,96
DA:176,96
DA:177,96
DA:180,329
DA:184,1
DA:185,434
DA:186,9
LF:96
LH:94
BRDA:18,1,0,0
BRDA:18,1,1,324
BRDA:18,2,0,324
BRDA:18,2,1,0
BRDA:18,2,2,0
BRDA:20,3,0,0
BRDA:20,3,1,0
BRDA:25,4,0,253
BRDA:25,4,1,71
BRDA:41,5,0,24
BRDA:41,5,1,334
BRDA:41,6,0,358
BRDA:41,6,1,358
BRDA:44,7,0,239
BRDA:44,7,1,95
BRDA:47,8,0,191
BRDA:47,8,1,143
BRDA:52,9,0,2
BRDA:52,9,1,398
BRDA:68,10,0,22
BRDA:68,10,1,422
BRDA:73,11,0,2
BRDA:73,11,1,442
BRDA:76,12,0,8
BRDA:76,12,1,434
BRDA:81,13,0,9
BRDA:81,13,1,425
BRDA:83,14,0,9
BRDA:83,14,1,0
BRDA:88,15,0,96
BRDA:88,15,1,329
BRDA:94,16,0,78
BRDA:94,16,1,347
BRDA:96,17,0,30
BRDA:96,17,1,48
BRDA:96,18,0,78
BRDA:96,18,1,78
BRDA:105,19,0,78
BRDA:105,19,1,347
BRDA:107,20,0,51
BRDA:107,20,1,27
BRDA:109,21,0,2
BRDA:109,21,1,1
BRDA:117,22,0,47
BRDA:117,22,1,378
BRDA:123,23,0,1
BRDA:123,23,1,377
BRDA:129,24,0,27
BRDA:129,24,1,345
BRDA:133,25,0,105
BRDA:133,25,1,240
BRDA:138,26,0,89
BRDA:138,26,1,151
BRDA:148,27,0,95
BRDA:148,27,1,56
BRDA:148,28,0,151
BRDA:148,28,1,95
BRDA:153,29,0,1
BRDA:153,29,1,1
BRDA:171,30,0,105
BRDA:171,30,1,320
BRDA:173,31,0,96
BRDA:173,31,1,9
BRDA:185,32,0,9
BRDA:185,32,1,425
BRF:65
BRH:59
end_of_record
TN:
SF:jpex/class/privates.js
FN:7,(anonymous_1)
FN:15,(anonymous_2)
FN:17,(anonymous_3)
FN:34,(anonymous_4)
FN:45,(anonymous_5)
FN:46,(anonymous_6)
FN:52,(anonymous_7)
FNF:7
FNH:5
FNDA:21,(anonymous_1)
FNDA:16,(anonymous_2)
FNDA:1,(anonymous_3)
FNDA:15,(anonymous_4)
FNDA:426,(anonymous_5)
FNDA:0,(anonymous_6)
FNDA:0,(anonymous_7)
DA:3,1
DA:8,21
DA:9,10
DA:12,21
DA:14,21
DA:15,10
DA:16,16
DA:17,1
DA:18,1
DA:19,1
DA:21,1
DA:24,15
DA:25,4
DA:27,15
DA:32,21
DA:35,15
DA:36,2
DA:38,15
DA:39,15
DA:46,426
DA:47,0
DA:52,426
DA:53,0
DA:56,426
LF:24
LH:22
BRDA:8,1,0,10
BRDA:8,1,1,11
BRDA:8,2,0,21
BRDA:8,2,1,11
BRDA:14,3,0,10
BRDA:14,3,1,11
BRDA:14,4,0,21
BRDA:14,4,1,11
BRDA:16,5,0,1
BRDA:16,5,1,15
BRDA:18,6,0,1
BRDA:18,6,1,0
BRDA:18,7,0,1
BRDA:18,7,1,1
BRDA:24,8,0,4
BRDA:24,8,1,11
BRDA:24,9,0,15
BRDA:24,9,1,4
BRDA:35,10,0,2
BRDA:35,10,1,13
BRDA:35,11,0,15
BRDA:35,11,1,14
BRDA:68,12,0,426
BRDA:68,12,1,1
BRDA:76,13,0,426
BRDA:76,13,1,1
BRF:26
BRH:25
end_of_record
TN:
SF:jpex/defaults/copy.js
FN:1,(anonymous_1)
FN:2,(anonymous_2)
FN:3,(anonymous_3)
FN:23,(anonymous_4)
FN:29,(anonymous_5)
FN:38,(anonymous_6)
FN:41,(anonymous_7)
FN:44,(anonymous_8)
FN:47,(anonymous_9)
FN:50,(anonymous_10)
FNF:10
FNH:10
FNDA:1,(anonymous_1)
FNDA:1,(anonymous_2)
FNDA:54,(anonymous_3)
FNDA:10,(anonymous_4)
FNDA:30,(anonymous_5)
FNDA:5,(anonymous_6)
FNDA:6,(anonymous_7)
FNDA:2,(anonymous_8)
FNDA:12,(anonymous_9)
FNDA:17,(anonymous_10)
DA:1,1
DA:2,1
DA:3,1
DA:4,54
DA:11,27
DA:14,1
DA:17,1
DA:18,1
DA:19,1
DA:20,1
DA:23,3
DA:24,10
DA:28,22
DA:29,22
DA:30,30
DA:32,22
DA:35,0
DA:38,1
DA:39,5
DA:41,1
DA:42,6
DA:44,1
DA:45,2
DA:47,1
DA:48,12
DA:49,12
DA:50,12
DA:51,17
DA:53,12
DA:55,1
LF:30
LH:29
BRDA:4,1,0,21
BRDA:4,1,1,22
BRDA:4,1,2,22
BRDA:4,1,3,22
BRDA:4,1,4,22
BRDA:4,1,5,27
BRDA:4,1,6,1
BRDA:4,1,7,1
BRDA:4,1,8,3
BRDA:4,1,9,22
BRDA:4,1,10,0
BRDA:18,2,0,1
BRDA:18,2,1,0
BRDA:19,3,0,0
BRDA:19,3,1,1
BRDA:23,4,0,3
BRDA:23,4,1,3
BRDA:24,5,0,3
BRDA:24,5,1,7
BRDA:28,6,0,22
BRDA:28,6,1,6
BRDA:30,7,0,26
BRDA:30,7,1,4
BRF:23
BRH:20
end_of_record
TN:
SF:jpex/defaults/error.js
FN:1,(anonymous_1)
FN:2,(anonymous_2)
FN:11,(anonymous_3)
FNF:3
FNH:3
FNDA:1,(anonymous_1)
FNDA:1,(anonymous_2)
FNDA:1,(anonymous_3)
DA:1,1
DA:2,1
DA:3,1
DA:10,1
DA:12,1
LF:5
LH:5
BRF:0
BRH:0
end_of_record
TN:
SF:jpex/defaults/errorFactory.js
FN:1,(anonymous_1)
FN:3,(anonymous_2)
FN:5,(anonymous_3)
FN:10,(anonymous_4)
FN:11,(anonymous_5)
FN:22,(anonymous_6)
FN:28,(anonymous_7)
FNF:7
FNH:7
FNDA:1,(anonymous_1)
FNDA:7,(anonymous_2)
FNDA:2,(anonymous_3)
FNDA:30,(anonymous_4)
FNDA:15,(anonymous_5)
FNDA:14,(anonymous_6)
FNDA:8,(anonymous_7)
DA:1,1
DA:2,1
DA:5,7
DA:6,2
DA:10,7
DA:11,30
DA:12,15
DA:13,15
DA:14,15
DA:16,15
DA:17,12
DA:20,30
DA:21,30
DA:22,30
DA:23,14
DA:24,14
DA:25,14
DA:26,14
DA:28,30
DA:29,8
DA:32,30
DA:33,30
DA:36,7
DA:38,7
LF:24
LH:24
BRDA:16,1,0,12
BRDA:16,1,1,3
BRF:2
BRH:2
end_of_record
TN:
SF:jpex/defaults/log.js
FN:1,(anonymous_1)
FN:2,(anonymous_2)
FN:13,(anonymous_3)
FN:14,(anonymous_4)
FNF:4
FNH:4
FNDA:1,(anonymous_1)
FNDA:1,(anonymous_2)
FNDA:1,(anonymous_3)
FNDA:1,(anonymous_4)
DA:1,1
DA:2,1
DA:3,1
DA:12,1
DA:14,1
DA:15,1
DA:17,1
DA:18,1
DA:19,1
DA:20,1
DA:21,1
LF:11
LH:11
BRF:0
BRH:0
end_of_record
TN:
SF:jpex/defaults/promise.js
FN:1,(anonymous_1)
FN:2,(anonymous_2)
FN:13,(anonymous_3)
FN:14,(anonymous_4)
FNF:4
FNH:4
FNDA:1,(anonymous_1)
FNDA:1,(anonymous_2)
FNDA:1,(anonymous_3)
FNDA:9,(anonymous_4)
DA:1,1
DA:2,1
DA:3,1
DA:12,1
DA:14,1
DA:15,9
DA:17,1
DA:18,1
DA:19,1
DA:20,1
DA:21,1
LF:11
LH:11
BRF:0
BRH:0
end_of_record
TN:
SF:jpex/defaults/resolve.js
FN:1,(anonymous_1)
FN:2,(anonymous_2)
FN:4,(anonymous_3)
FNF:3
FNH:3
FNDA:1,(anonymous_1)
FNDA:5,(anonymous_2)
FNDA:6,(anonymous_3)
DA:1,1
DA:2,1
DA:3,5
DA:4,5
DA:5,6
LF:5
LH:5
BRF:0
BRH:0
end_of_record
TN:
SF:jpex/defaults/timeout.js
FN:1,(anonymous_1)
FN:2,(anonymous_2)
FN:3,(anonymous_3)
FNF:3
FNH:3
FNDA:1,(anonymous_1)
FNDA:1,(anonymous_2)
FNDA:1,(anonymous_3)
DA:1,1
DA:2,1
DA:3,1
DA:5,1
DA:6,1
LF:5
LH:5
BRF:0
BRH:0
end_of_record
TN:
SF:jpex/defaults/typeof.js
FN:1,(anonymous_1)
FN:2,(anonymous_2)
FN:4,(anonymous_3)
FNF:3
FNH:3
FNDA:1,(anonymous_1)
FNDA:1,(anonymous_2)
FNDA:73,(anonymous_3)
DA:1,1
DA:2,1
DA:3,1
DA:4,1
DA:5,73
DA:6,73
LF:6
LH:6
BRDA:6,1,0,26
BRDA:6,1,1,47
BRDA:6,2,0,73
BRDA:6,2,1,70
BRF:4
BRH:4
end_of_record
TN:
SF:jpex/defaults/window.js
FN:1,(anonymous_1)
FNF:1
FNH:1
FNDA:1,(anonymous_1)
DA:1,1
DA:2,1
LF:2
LH:2
BRF:0
BRH:0
end_of_record
TN:
SF:jpex/defaults/xhr.js
FN:1,(anonymous_1)
FN:2,(anonymous_2)
FN:4,(anonymous_3)
FN:5,(anonymous_4)
FN:8,(anonymous_5)
FN:20,formatData
FN:24,setRequestHeaders
FN:29,(anonymous_8)
FN:35,onLoad
FN:46,onError
FN:50,getResponseData
FN:61,createResult
FNF:12
FNH:12
FNDA:1,(anonymous_1)
FNDA:1,(anonymous_2)
FNDA:9,(anonymous_3)
FNDA:8,(anonymous_4)
FNDA:8,(anonymous_5)
FNDA:8,formatData
FNDA:8,setRequestHeaders
FNDA:18,(anonymous_8)
FNDA:3,onLoad
FNDA:1,onError
FNDA:3,getResponseData
FNDA:4,createResult
DA:1,1
DA:2,1
DA:4,1
DA:5,9
DA:6,8
DA:8,8
DA:9,8
DA:11,8
DA:12,8
DA:14,8
DA:15,8
DA:17,8
DA:18,8
DA:20,1
DA:21,8
DA:24,1
DA:25,8
DA:26,8
DA:27,0
DA:29,8
DA:30,18
DA:31,18
DA:35,1
DA:36,3
DA:37,3
DA:39,3
DA:40,2
DA:42,1
DA:46,1
DA:47,1
DA:50,1
DA:51,3
DA:53,1
DA:55,0
DA:57,2
DA:61,1
DA:62,4
DA:63,4
DA:64,4
DA:66,4
DA:67,3
DA:70,2
DA:72,3
DA:74,4
LF:44
LH:42
BRDA:21,1,0,1
BRDA:21,1,1,7
BRDA:26,2,0,0
BRDA:26,2,1,8
BRDA:39,3,0,2
BRDA:39,3,1,1
BRDA:39,4,0,3
BRDA:39,4,1,3
BRDA:51,5,0,1
BRDA:51,5,1,0
BRDA:51,5,2,2
BRDA:66,6,0,3
BRDA:66,6,1,1
BRDA:66,7,0,4
BRDA:66,7,1,3
BRDA:67,8,0,2
BRDA:67,8,1,2
BRF:17
BRH:15
end_of_record
TN:
SF:jpex/defaults/xhrConfig.js
FN:1,(anonymous_1)
FN:2,(anonymous_2)
FN:11,(anonymous_3)
FNF:3
FNH:3
FNDA:1,(anonymous_1)
FNDA:1,(anonymous_2)
FNDA:9,(anonymous_3)
DA:1,1
DA:2,1
DA:3,1
DA:11,1
DA:12,9
LF:5
LH:5
BRF:0
BRH:0
end_of_record
TN:
SF:jpex/defaults/xhrProvider.js
FN:1,(anonymous_1)
FN:2,(anonymous_2)
FN:3,(anonymous_3)
FNF:3
FNH:3
FNDA:1,(anonymous_1)
FNDA:1,(anonymous_2)
FNDA:1,(anonymous_3)
DA:1,1
DA:2,1
DA:3,1
DA:4,1
LF:4
LH:4
BRF:0
BRH:0
end_of_record
TN:
SF:jpex/factories/constant.js
FN:2,(anonymous_1)
FNF:1
FNH:1
FNDA:152,(anonymous_1)
DA:2,1
DA:3,152
DA:7,152
LF:3
LH:3
BRF:0
BRH:0
end_of_record
TN:
SF:jpex/factories/enum.js
FN:2,(anonymous_1)
FN:8,(anonymous_2)
FN:11,(anonymous_3)
FNF:3
FNH:3
FNDA:8,(anonymous_1)
FNDA:17,(anonymous_2)
FNDA:8,(anonymous_3)
DA:2,1
DA:3,8
DA:5,8
DA:6,8
DA:8,8
DA:9,17
DA:11,4
DA:12,8
DA:13,8
DA:14,8
DA:15,8
DA:18,4
DA:21,13
DA:22,13
DA:26,8
DA:28,8
LF:16
LH:16
BRDA:9,1,0,4
BRDA:9,1,1,13
BRDA:9,1,2,13
BRDA:14,2,0,8
BRDA:14,2,1,0
BRDA:14,3,0,8
BRDA:14,3,1,8
BRF:7
BRH:6
end_of_record
TN:
SF:jpex/factories/errortype.js
FN:1,(anonymous_1)
FN:11,(anonymous_2)
FN:12,(anonymous_3)
FN:22,(anonymous_4)
FNF:4
FNH:4
FNDA:13,(anonymous_1)
FNDA:9,(anonymous_2)
FNDA:9,(anonymous_3)
FNDA:6,(anonymous_4)
DA:1,1
DA:3,13
DA:4,13
DA:7,13
DA:10,13
DA:11,13
DA:12,9
DA:13,9
DA:16,9
DA:21,13
DA:22,13
DA:23,6
DA:29,13
LF:13
LH:13
BRDA:3,1,0,13
BRDA:3,1,1,0
BRDA:10,2,0,13
BRDA:10,2,1,0
BRDA:21,3,0,13
BRDA:21,3,1,0
BRF:6
BRH:3
end_of_record
TN:
SF:jpex/factories/factory.js
FN:1,(anonymous_1)
FNF:1
FNH:1
FNDA:128,(anonymous_1)
DA:1,1
DA:2,128
DA:3,66
DA:4,66
DA:5,66
DA:8,128
DA:9,1
DA:12,127
DA:13,54
DA:15,73
DA:17,127
DA:18,44
DA:21,127
DA:26,127
DA:28,127
LF:15
LH:15
BRDA:2,1,0,66
BRDA:2,1,1,62
BRDA:8,2,0,1
BRDA:8,2,1,127
BRDA:12,3,0,54
BRDA:12,3,1,73
BRDA:17,4,0,44
BRDA:17,4,1,83
BRDA:28,5,0,5
BRDA:28,5,1,122
BRF:10
BRH:10
end_of_record
TN:
SF:jpex/factories/interface.js
FN:8,(anonymous_1)
FN:10,(anonymous_2)
FN:13,(anonymous_3)
FN:14,(anonymous_4)
FN:15,(anonymous_5)
FN:20,(anonymous_6)
FN:28,(anonymous_7)
FN:35,(anonymous_8)
FNF:8
FNH:6
FNDA:0,(anonymous_1)
FNDA:2,(anonymous_2)
FNDA:4,(anonymous_3)
FNDA:0,(anonymous_4)
FNDA:12,(anonymous_5)
FNDA:5,(anonymous_6)
FNDA:17,(anonymous_7)
FNDA:56,(anonymous_8)
DA:1,1
DA:11,2
DA:14,4
DA:15,4
DA:16,12
DA:18,4
DA:21,5
DA:22,5
DA:23,1
DA:25,4
DA:26,4
DA:29,17
DA:30,17
DA:31,17
DA:35,1
DA:36,56
DA:37,5
DA:39,56
DA:44,56
LF:19
LH:19
BRDA:22,1,0,1
BRDA:22,1,1,4
BRDA:36,2,0,5
BRDA:36,2,1,51
BRF:4
BRH:4
end_of_record
TN:
SF:jpex/factories/service.js
FN:1,(anonymous_1)
FN:22,factory
FN:32,jaas
FN:37,instantiator
FN:44,(anonymous_5)
FN:48,(anonymous_6)
FN:64,(anonymous_7)
FNF:7
FNH:7
FNDA:23,(anonymous_1)
FNDA:13,factory
FNDA:9,jaas
FNDA:8,instantiator
FNDA:11,(anonymous_5)
FNDA:1,(anonymous_6)
FNDA:5,(anonymous_7)
DA:1,1
DA:2,23
DA:3,17
DA:4,17
DA:5,17
DA:8,23
DA:9,1
DA:12,22
DA:13,9
DA:16,13
DA:17,2
DA:19,11
DA:22,1
DA:23,13
DA:24,13
DA:25,13
DA:28,13
DA:32,1
DA:34,9
DA:35,9
DA:37,1
DA:38,8
DA:40,8
DA:43,8
DA:44,8
DA:45,11
DA:47,3
DA:48,1
DA:49,1
DA:50,1
DA:51,0
DA:55,2
DA:56,2
DA:57,2
DA:63,8
DA:64,8
DA:65,5
DA:66,5
DA:67,5
DA:73,8
DA:76,9
DA:77,9
DA:78,1
DA:80,9
LF:44
LH:43
BRDA:2,1,0,17
BRDA:2,1,1,6
BRDA:8,2,0,1
BRDA:8,2,1,22
BRDA:12,3,0,9
BRDA:12,3,1,13
BRDA:12,4,0,22
BRDA:12,4,1,9
BRDA:12,4,2,9
BRDA:16,5,0,2
BRDA:16,5,1,11
BRDA:34,6,0,3
BRDA:34,6,1,6
BRDA:45,7,0,8
BRDA:45,7,1,3
BRDA:47,8,0,1
BRDA:47,8,1,2
BRDA:50,9,0,0
BRDA:50,9,1,1
BRDA:56,10,0,2
BRDA:56,10,1,0
BRDA:63,11,0,8
BRDA:63,11,1,0
BRDA:63,12,0,8
BRDA:63,12,1,8
BRDA:66,13,0,5
BRDA:66,13,1,0
BRDA:77,14,0,1
BRDA:77,14,1,8
BRF:29
BRH:25
end_of_record
TN:
SF:jpex/factories/wrapper.js
FN:1,(anonymous_1)
FN:3,(anonymous_2)
FN:8,(anonymous_3)
FN:12,(anonymous_4)
FN:16,(anonymous_5)
FN:20,(anonymous_6)
FNF:6
FNH:6
FNDA:335,(anonymous_1)
FNDA:47,(anonymous_2)
FNDA:178,(anonymous_3)
FNDA:6,(anonymous_4)
FNDA:127,(anonymous_5)
FNDA:5,(anonymous_6)
DA:1,1
DA:2,335
DA:4,47
DA:5,47
DA:9,178
DA:10,178
DA:13,6
DA:14,6
DA:17,127
DA:18,127
DA:21,5
DA:22,5
DA:27,335
LF:13
LH:13
BRDA:4,1,0,47
BRDA:4,1,1,47
BRF:2
BRH:2
end_of_record
TN:
SF:jpex/instantiator.js
FN:1,(anonymous_1)
FNF:1
FNH:1
FNDA:27,(anonymous_1)
DA:1,1
DA:2,27
LF:2
LH:2
BRF:0
BRH:0
end_of_record
TN:
SF:jpex/jpexError.js
FN:1,(anonymous_1)
FNF:1
FNH:1
FNDA:27,(anonymous_1)
DA:1,1
DA:2,27
DA:3,27
DA:4,27
LF:4
LH:4
BRF:0
BRH:0
end_of_record
TN:
SF:jpex/promise.js
FN:1,(anonymous_1)
FN:7,noop
FN:10,bind
FN:11,(anonymous_4)
FN:16,Promise
FN:27,handle
FN:36,(anonymous_7)
FN:53,resolve
FN:77,reject
FN:83,finale
FN:85,(anonymous_11)
FN:98,Handler
FN:110,doResolve
FN:113,(anonymous_14)
FN:117,(anonymous_15)
FN:129,(anonymous_16)
FN:133,(anonymous_17)
FN:140,(anonymous_18)
FN:143,(anonymous_19)
FN:147,res
FN:152,(anonymous_21)
FN:173,(anonymous_22)
FN:178,(anonymous_23)
FN:183,(anonymous_24)
FN:184,(anonymous_25)
FN:189,(anonymous_26)
FN:190,(anonymous_27)
FN:198,(anonymous_28)
FN:199,(anonymous_29)
FN:203,_unhandledRejectionFn
FN:214,_setImmediateFn
FN:223,_setUnhandledRejectionFn
FNF:32
FNH:15
FNDA:1,(anonymous_1)
FNDA:5,noop
FNDA:0,bind
FNDA:0,(anonymous_4)
FNDA:14,Promise
FNDA:10,handle
FNDA:5,(anonymous_7)
FNDA:8,resolve
FNDA:2,reject
FNDA:10,finale
FNDA:0,(anonymous_11)
FNDA:5,Handler
FNDA:14,doResolve
FNDA:3,(anonymous_14)
FNDA:2,(anonymous_15)
FNDA:2,(anonymous_16)
FNDA:5,(anonymous_17)
FNDA:0,(anonymous_18)
FNDA:0,(anonymous_19)
FNDA:0,res
FNDA:0,(anonymous_21)
FNDA:0,(anonymous_22)
FNDA:0,(anonymous_23)
FNDA:0,(anonymous_24)
FNDA:0,(anonymous_25)
FNDA:0,(anonymous_26)
FNDA:0,(anonymous_27)
FNDA:0,(anonymous_28)
FNDA:5,(anonymous_29)
FNDA:0,_unhandledRejectionFn
FNDA:0,_setImmediateFn
FNDA:0,_setUnhandledRejectionFn
DA:1,1
DA:5,1
DA:7,1
DA:10,1
DA:11,0
DA:12,0
DA:16,1
DA:17,14
DA:18,14
DA:19,14
DA:20,14
DA:21,14
DA:22,14
DA:24,14
DA:27,1
DA:28,10
DA:29,0
DA:31,10
DA:32,5
DA:33,5
DA:35,5
DA:36,5
DA:37,5
DA:38,5
DA:39,0
DA:40,0
DA:42,5
DA:43,5
DA:44,5
DA:46,0
DA:47,0
DA:49,5
DA:53,1
DA:54,8
DA:56,8
DA:57,8
DA:58,2
DA:59,2
DA:60,0
DA:61,0
DA:62,0
DA:63,0
DA:64,2
DA:65,0
DA:66,0
DA:69,8
DA:70,8
DA:71,8
DA:73,0
DA:77,1
DA:78,2
DA:79,2
DA:80,2
DA:83,1
DA:84,10
DA:85,0
DA:86,0
DA:87,0
DA:92,10
DA:93,5
DA:95,10
DA:98,1
DA:99,5
DA:100,5
DA:101,5
DA:110,1
DA:111,14
DA:112,14
DA:113,14
DA:114,3
DA:115,3
DA:116,3
DA:118,2
DA:119,2
DA:120,2
DA:123,0
DA:124,0
DA:125,0
DA:129,1
DA:130,2
DA:133,1
DA:134,5
DA:136,5
DA:137,5
DA:140,1
DA:141,0
DA:143,0
DA:144,0
DA:145,0
DA:147,1
DA:148,0
DA:149,0
DA:150,0
DA:151,0
DA:152,0
DA:153,0
DA:155,0
DA:158,0
DA:159,0
DA:160,0
DA:163,0
DA:167,0
DA:168,0
DA:173,1
DA:174,0
DA:175,0
DA:178,0
DA:179,0
DA:183,1
DA:184,0
DA:185,0
DA:189,1
DA:190,0
DA:191,0
DA:192,0
DA:198,1
DA:200,5
DA:203,1
DA:204,0
DA:205,0
DA:214,1
DA:215,0
DA:223,1
DA:224,0
DA:227,1
LF:125
LH:75
BRDA:17,1,0,0
BRDA:17,1,1,14
BRDA:18,2,0,0
BRDA:18,2,1,14
BRDA:31,3,0,5
BRDA:31,3,1,5
BRDA:37,4,0,3
BRDA:37,4,1,2
BRDA:38,5,0,0
BRDA:38,5,1,5
BRDA:39,6,0,0
BRDA:39,6,1,0
BRDA:56,7,0,0
BRDA:56,7,1,8
BRDA:57,8,0,2
BRDA:57,8,1,6
BRDA:57,9,0,8
BRDA:57,9,1,2
BRDA:57,9,2,0
BRDA:59,10,0,0
BRDA:59,10,1,2
BRDA:64,11,0,0
BRDA:64,11,1,2
BRDA:84,12,0,0
BRDA:84,12,1,10
BRDA:84,13,0,10
BRDA:84,13,1,2
BRDA:86,14,0,0
BRDA:86,14,1,0
BRDA:99,15,0,3
BRDA:99,15,1,2
BRDA:100,16,0,2
BRDA:100,16,1,3
BRDA:114,17,0,0
BRDA:114,17,1,3
BRDA:118,18,0,0
BRDA:118,18,1,2
BRDA:123,19,0,0
BRDA:123,19,1,0
BRDA:144,20,0,0
BRDA:144,20,1,0
BRDA:149,21,0,0
BRDA:149,21,1,0
BRDA:149,22,0,0
BRDA:149,22,1,0
BRDA:149,22,2,0
BRDA:151,23,0,0
BRDA:151,23,1,0
BRDA:159,24,0,0
BRDA:159,24,1,0
BRDA:174,25,0,0
BRDA:174,25,1,0
BRDA:174,26,0,0
BRDA:174,26,1,0
BRDA:174,26,2,0
BRDA:198,27,0,1
BRDA:198,27,1,0
BRDA:198,27,2,1
BRDA:204,28,0,0
BRDA:204,28,1,0
BRDA:204,29,0,0
BRDA:204,29,1,0
BRF:62
BRH:25
end_of_record
TN:
SF:jpex/resolver/factories.js
FN:2,(anonymous_1)
FN:19,(anonymous_2)
FN:41,isValidFactory
FNF:3
FNH:3
FNDA:377,(anonymous_1)
FNDA:228,(anonymous_2)
FNDA:748,isValidFactory
DA:1,1
DA:3,377
DA:5,377
DA:6,371
DA:8,371
DA:9,32
DA:10,27
DA:12,5
DA:16,345
DA:20,228
DA:22,97
DA:23,97
DA:24,97
DA:26,16
DA:30,16
DA:32,22
DA:34,93
DA:35,93
DA:37,228
DA:41,1
DA:42,748
LF:21
LH:21
BRDA:5,1,0,371
BRDA:5,1,1,6
BRDA:8,2,0,32
BRDA:8,2,1,339
BRDA:9,3,0,27
BRDA:9,3,1,5
BRDA:20,4,0,97
BRDA:20,4,1,16
BRDA:20,4,2,22
BRDA:20,4,3,93
BRDA:42,5,0,748
BRDA:42,5,1,345
BRDA:42,5,2,237
BRDA:42,5,3,108
BRDA:42,5,4,6
BRF:15
BRH:15
end_of_record
TN:
SF:jpex/resolver/interface.js
FN:2,(anonymous_1)
FN:19,(anonymous_2)
FN:29,(anonymous_3)
FN:41,(anonymous_4)
FN:48,crossReferenceInterface
FN:84,(anonymous_6)
FN:112,listInterfaces
FN:115,(anonymous_8)
FN:118,(anonymous_9)
FNF:9
FNH:9
FNDA:636,(anonymous_1)
FNDA:78,(anonymous_2)
FNDA:292,(anonymous_3)
FNDA:7,(anonymous_4)
FNDA:218,crossReferenceInterface
FNDA:105,(anonymous_6)
FNDA:36,listInterfaces
FNDA:38,(anonymous_8)
FNDA:3,(anonymous_9)
DA:1,1
DA:3,636
DA:6,636
DA:7,287
DA:11,349
DA:12,33
DA:13,33
DA:16,349
DA:20,78
DA:21,633
DA:22,46
DA:26,32
DA:30,292
DA:31,219
DA:33,73
DA:35,73
DA:36,21
DA:37,21
DA:40,52
DA:41,7
DA:48,1
DA:49,218
DA:50,218
DA:51,218
DA:53,218
DA:54,63
DA:56,29
DA:57,3
DA:58,3
DA:60,26
DA:63,9
DA:64,20
DA:65,20
DA:66,13
DA:68,7
DA:71,2
DA:75,180
DA:77,29
DA:78,29
DA:81,151
DA:84,86
DA:85,105
DA:86,105
DA:87,18
DA:90,86
DA:93,22
DA:95,12
DA:97,10
DA:98,10
DA:99,20
DA:100,20
DA:101,5
DA:104,10
DA:107,139
DA:108,23
DA:112,1
DA:113,36
DA:115,36
DA:116,38
DA:117,38
DA:118,3
DA:119,3
DA:120,3
DA:125,36
LF:64
LH:64
BRDA:6,1,0,287
BRDA:6,1,1,349
BRDA:6,2,0,636
BRDA:6,2,1,635
BRDA:6,2,2,350
BRDA:11,3,0,33
BRDA:11,3,1,316
BRDA:21,4,0,46
BRDA:21,4,1,587
BRDA:30,5,0,219
BRDA:30,5,1,73
BRDA:35,6,0,21
BRDA:35,6,1,52
BRDA:40,7,0,7
BRDA:40,7,1,45
BRDA:53,8,0,63
BRDA:53,8,1,155
BRDA:54,9,0,29
BRDA:54,9,1,9
BRDA:56,10,0,3
BRDA:56,10,1,26
BRDA:65,11,0,13
BRDA:65,11,1,7
BRDA:75,12,0,29
BRDA:75,12,1,151
BRDA:81,13,0,10
BRDA:81,13,1,86
BRDA:81,13,2,22
BRDA:86,14,0,18
BRDA:86,14,1,87
BRDA:93,15,0,12
BRDA:93,15,1,10
BRDA:93,16,0,22
BRDA:93,16,1,12
BRDA:100,17,0,5
BRDA:100,17,1,15
BRDA:107,18,0,23
BRDA:107,18,1,116
BRDA:117,19,0,3
BRDA:117,19,1,35
BRDA:117,20,0,38
BRDA:117,20,1,36
BRDA:117,20,2,3
BRDA:119,21,0,3
BRDA:119,21,1,0
BRDA:119,22,0,3
BRDA:119,22,1,3
BRF:47
BRH:46
end_of_record
TN:
SF:jpex/typeof.js
FN:2,(anonymous_1)
FNF:1
FNH:1
FNDA:449,(anonymous_1)
DA:1,1
DA:2,1
DA:3,449
DA:4,449
LF:4
LH:4
BRDA:4,1,0,168
BRDA:4,1,1,281
BRF:2
BRH:2
end_of_record
TN:
SF:jpex/main.js
FN:1,(anonymous_1)
FN:16,extend
FN:28,createOptions
FN:43,(anonymous_4)
FN:70,createClass
FN:78,(anonymous_6)
FN:85,(anonymous_7)
FN:89,(anonymous_8)
FN:97,(anonymous_9)
FN:100,(anonymous_10)
FN:107,classBody
FN:109,(anonymous_12)
FN:153,bindToInstance
FN:160,(anonymous_14)
FN:162,setPrivates
FN:165,setFactories
FNF:16
FNH:16
FNDA:1,(anonymous_1)
FNDA:426,extend
FNDA:426,createOptions
FNDA:101,(anonymous_4)
FNDA:426,createClass
FNDA:8,(anonymous_6)
FNDA:5,(anonymous_7)
FNDA:853,(anonymous_8)
FNDA:13,(anonymous_9)
FNDA:10,(anonymous_10)
FNDA:426,classBody
FNDA:277,(anonymous_12)
FNDA:5,bindToInstance
FNDA:9,(anonymous_14)
FNDA:426,setPrivates
FNDA:426,setFactories
DA:1,1
DA:2,1
DA:4,1
DA:5,1
DA:6,1
DA:10,1
DA:11,0
DA:12,1
DA:13,1
DA:16,1
DA:17,426
DA:18,426
DA:20,426
DA:22,426
DA:23,426
DA:25,426
DA:28,1
DA:30,426
DA:41,426
DA:42,53
DA:43,53
DA:44,101
DA:45,101
DA:51,426
DA:52,240
DA:54,186
DA:56,426
DA:57,173
DA:60,426
DA:61,426
DA:63,426
DA:64,425
DA:67,426
DA:70,1
DA:71,426
DA:74,426
DA:77,426
DA:78,8
DA:81,426
DA:84,426
DA:85,5
DA:89,426
DA:90,853
DA:91,852
DA:95,426
DA:97,13
DA:100,10
DA:104,426
DA:107,1
DA:108,426
DA:109,426
DA:110,277
DA:111,14
DA:114,263
DA:116,263
DA:119,238
DA:120,11
DA:124,238
DA:125,5
DA:128,238
DA:129,221
DA:133,234
DA:134,1
DA:138,29
DA:139,25
DA:142,29
DA:143,29
DA:144,3
DA:146,26
DA:151,426
DA:153,1
DA:154,5
DA:155,5
DA:156,1
DA:157,1
DA:159,5
DA:160,9
DA:162,1
DA:163,426
DA:165,1
DA:166,426
LF:81
LH:80
BRDA:10,1,0,0
BRDA:10,1,1,1
BRDA:10,2,0,1
BRDA:10,2,1,0
BRDA:12,3,0,1
BRDA:12,3,1,0
BRDA:31,4,0,234
BRDA:31,4,1,192
BRDA:32,5,0,426
BRDA:32,5,1,192
BRDA:32,5,2,53
BRDA:41,6,0,53
BRDA:41,6,1,373
BRDA:41,7,0,426
BRDA:41,7,1,287
BRDA:44,8,0,101
BRDA:44,8,1,0
BRDA:51,9,0,240
BRDA:51,9,1,186
BRDA:51,10,0,426
BRDA:51,10,1,287
BRDA:51,10,2,247
BRDA:56,11,0,173
BRDA:56,11,1,253
BRDA:60,12,0,426
BRDA:60,12,1,0
BRDA:63,13,0,425
BRDA:63,13,1,1
BRDA:77,14,0,6
BRDA:77,14,1,420
BRDA:84,15,0,3
BRDA:84,15,1,423
BRDA:90,16,0,852
BRDA:90,16,1,1
BRDA:110,17,0,14
BRDA:110,17,1,263
BRDA:119,18,0,11
BRDA:119,18,1,227
BRDA:119,19,0,238
BRDA:119,19,1,12
BRDA:124,20,0,5
BRDA:124,20,1,233
BRDA:128,21,0,221
BRDA:128,21,1,17
BRDA:133,22,0,1
BRDA:133,22,1,233
BRDA:138,23,0,25
BRDA:138,23,1,4
BRDA:138,24,0,29
BRDA:138,24,1,29
BRDA:143,25,0,3
BRDA:143,25,1,26
BRDA:155,26,0,1
BRDA:155,26,1,4
BRF:54
BRH:49
end_of_record
